<?xml version="1.0" encoding="UTF-8"?>
<!-- Generated by org.testng.reporters.JUnitXMLReporter -->
<testsuite hostname="LAPTOP-C4NT0Q10" failures="0" tests="6" name="DemoBlazeTestSuite" time="61.121" errors="0" timestamp="9 Jun 2022 04:30:36 GMT">
  <testcase classname="com.LoginTest" name="blankFieldsLogin" time="8.632"/>
  <testcase classname="com.LoginTest" name="validUserWithInvalidPassword" time="1.277"/>
  <testcase classname="com.LoginTest" name="invalidUsername" time="0.786"/>
  <testcase classname="com.LoginTest" name="validLogin" time="1.667"/>
  <testcase classname="com.CartTest" name="addToCart" time="5.525"/>
  <testcase classname="com.CartTest" name="cartDelete" time="32.517"/>
</testsuite> <!-- DemoBlazeTestSuite -->
