<?xml version="1.0" encoding="UTF-8"?>
<testsuite xmlns:xsi="http://www.w3.org/2001/XMLSchema-instance" xsi:noNamespaceSchemaLocation="https://maven.apache.org/surefire/maven-surefire-plugin/xsd/surefire-test-report-3.0.xsd" version="3.0" name="TestSuite" time="69.216" tests="6" errors="0" skipped="0" failures="0">
  <properties>
[...]
</properties>
  <testcase name="blankFieldsLogin" classname="com.LoginTest" time="8.633">
    <system-out><![CDATA[beforeSuite
Validate Empty Message: Please fill out Username and Password.
]]></system-out>
    <system-err><![CDATA[SLF4J: Failed to load class "org.slf4j.impl.StaticLoggerBinder".
SLF4J: Defaulting to no-operation (NOP) logger implementation
SLF4J: See http://www.slf4j.org/codes.html#StaticLoggerBinder for further details.
Starting ChromeDriver 102.0.5005.61 (0e59bcc00cc4985ce39ad31c150065f159d95ad3-refs/branch-heads/5005@{#819}) on port 39617
Only local connections are allowed.
Please see https://chromedriver.chromium.org/security-considerations for suggestions on keeping ChromeDriver safe.
ChromeDriver was started successfully.
Jun 08, 2022 10:29:28 PM org.openqa.selenium.remote.ProtocolHandshake createSession
INFO: Attempting bi-dialect session, assuming Postel's Law holds true on the remote end
Jun 08, 2022 10:29:30 PM org.openqa.selenium.remote.ProtocolHandshake createSession
INFO: Falling back to original OSS JSON Wire Protocol.
Jun 08, 2022 10:29:32 PM org.openqa.selenium.remote.ProtocolHandshake createSession
INFO: Detected dialect: OSS
]]></system-err>
  </testcase>
  <testcase name="validUserWithInvalidPassword" classname="com.LoginTest" time="1.276">
    <system-out><![CDATA[Validate Correct user / Invalid password : Wrong password.
]]></system-out>
  </testcase>
  <testcase name="invalidUsername" classname="com.LoginTest" time="0.786">
    <system-out><![CDATA[Validate Correct user / Invalid password : User does not exist.
]]></system-out>
  </testcase>
  <testcase name="validLogin" classname="com.LoginTest" time="1.667">
    <system-out><![CDATA[Validate Boolean welcomeUser: true
]]></system-out>
  </testcase>
  <testcase name="addToCart" classname="com.CartTest" time="5.526">
    <system-out><![CDATA[selectedPhone: Samsung galaxy s6
]]></system-out>
  </testcase>
  <testcase name="cartDelete" classname="com.CartTest" time="32.516">
    <system-out><![CDATA[currentItemsAfterDelete: 0
original delete list: [[[ChromeDriver: chrome on XP (37ed0a7cefe3cb5ff233f3fcaf33ec48)] -> link text: Delete]]
Delete Cart Items Passed
]]></system-out>
  </testcase>
</testsuite>