<?xml version="1.0" encoding="UTF-8"?>
<testng-results total="6" passed="6" failed="0" skipped="0">
  <reporter-output>
  </reporter-output>
  <suite started-at="2022-06-09T04:29:35Z" name="All Test Suite" finished-at="2022-06-09T04:30:36Z" duration-ms="61121">
    <groups>
    </groups>
    <test started-at="2022-06-09T04:29:35Z" name="DemoBlazeTestSuite" finished-at="2022-06-09T04:30:36Z" duration-ms="61121">
      <class name="com.LoginTest">
        <test-method is-config="true" signature="beforeClass()[pri:0, instance:com.LoginTest@15761df8]" started-at="2022-06-08T22:29:35Z" name="beforeClass" finished-at="2022-06-08T22:29:37Z" duration-ms="2248" status="PASS">
          <reporter-output>
          </reporter-output>
        </test-method> <!-- beforeClass -->
        <test-method is-config="true" signature="beforeMethod()[pri:0, instance:com.LoginTest@15761df8]" started-at="2022-06-08T22:29:37Z" name="beforeMethod" finished-at="2022-06-08T22:29:37Z" duration-ms="1" status="PASS">
          <reporter-output>
          </reporter-output>
        </test-method> <!-- beforeMethod -->
        <test-method signature="blankFieldsLogin()[pri:0, instance:com.LoginTest@15761df8]" started-at="2022-06-08T22:29:37Z" name="blankFieldsLogin" finished-at="2022-06-08T22:29:46Z" duration-ms="8632" status="PASS">
          <reporter-output>
          </reporter-output>
        </test-method> <!-- blankFieldsLogin -->
        <test-method signature="validUserWithInvalidPassword()[pri:0, instance:com.LoginTest@15761df8]" started-at="2022-06-08T22:29:46Z" name="validUserWithInvalidPassword" finished-at="2022-06-08T22:29:47Z" duration-ms="1277" status="PASS">
          <reporter-output>
          </reporter-output>
        </test-method> <!-- validUserWithInvalidPassword -->
        <test-method is-config="true" signature="beforeMethod()[pri:0, instance:com.LoginTest@15761df8]" started-at="2022-06-08T22:29:46Z" name="beforeMethod" finished-at="2022-06-08T22:29:46Z" duration-ms="0" status="PASS">
          <reporter-output>
          </reporter-output>
        </test-method> <!-- beforeMethod -->
        <test-method is-config="true" signature="beforeMethod()[pri:0, instance:com.LoginTest@15761df8]" started-at="2022-06-08T22:29:47Z" name="beforeMethod" finished-at="2022-06-08T22:29:47Z" duration-ms="0" status="PASS">
          <reporter-output>
          </reporter-output>
        </test-method> <!-- beforeMethod -->
        <test-method signature="invalidUsername()[pri:0, instance:com.LoginTest@15761df8]" started-at="2022-06-08T22:29:47Z" name="invalidUsername" finished-at="2022-06-08T22:29:48Z" duration-ms="786" status="PASS">
          <reporter-output>
          </reporter-output>
        </test-method> <!-- invalidUsername -->
        <test-method is-config="true" signature="beforeMethod()[pri:0, instance:com.LoginTest@15761df8]" started-at="2022-06-08T22:29:48Z" name="beforeMethod" finished-at="2022-06-08T22:29:48Z" duration-ms="1" status="PASS">
          <reporter-output>
          </reporter-output>
        </test-method> <!-- beforeMethod -->
        <test-method signature="validLogin()[pri:0, instance:com.LoginTest@15761df8]" started-at="2022-06-08T22:29:48Z" name="validLogin" finished-at="2022-06-08T22:29:50Z" duration-ms="1667" status="PASS">
          <reporter-output>
          </reporter-output>
        </test-method> <!-- validLogin -->
      </class> <!-- com.LoginTest -->
      <class name="com.CartTest">
        <test-method is-config="true" signature="beforeSuite()[pri:0, instance:com.CartTest@78b1cc93]" started-at="2022-06-08T22:29:27Z" name="beforeSuite" finished-at="2022-06-08T22:29:35Z" duration-ms="7590" status="PASS">
          <reporter-output>
          </reporter-output>
        </test-method> <!-- beforeSuite -->
        <test-method is-config="true" signature="beforeClass()[pri:0, instance:com.CartTest@78b1cc93]" started-at="2022-06-08T22:29:50Z" name="beforeClass" finished-at="2022-06-08T22:29:58Z" duration-ms="8450" status="PASS">
          <reporter-output>
          </reporter-output>
        </test-method> <!-- beforeClass -->
        <test-method is-config="true" signature="beforeMethod()[pri:0, instance:com.CartTest@78b1cc93]" started-at="2022-06-08T22:29:58Z" name="beforeMethod" finished-at="2022-06-08T22:29:58Z" duration-ms="1" status="PASS">
          <reporter-output>
          </reporter-output>
        </test-method> <!-- beforeMethod -->
        <test-method signature="addToCart()[pri:0, instance:com.CartTest@78b1cc93]" started-at="2022-06-08T22:29:58Z" name="addToCart" finished-at="2022-06-08T22:30:04Z" duration-ms="5525" status="PASS">
          <reporter-output>
          </reporter-output>
        </test-method> <!-- addToCart -->
        <test-method is-config="true" signature="beforeMethod()[pri:0, instance:com.CartTest@78b1cc93]" started-at="2022-06-08T22:30:04Z" name="beforeMethod" finished-at="2022-06-08T22:30:04Z" duration-ms="0" status="PASS">
          <reporter-output>
          </reporter-output>
        </test-method> <!-- beforeMethod -->
        <test-method signature="cartDelete()[pri:0, instance:com.CartTest@78b1cc93]" started-at="2022-06-08T22:30:04Z" name="cartDelete" finished-at="2022-06-08T22:30:36Z" duration-ms="32517" status="PASS">
          <reporter-output>
          </reporter-output>
        </test-method> <!-- cartDelete -->
        <test-method is-config="true" signature="tearDownTest()[pri:0, instance:com.CartTest@78b1cc93]" started-at="2022-06-08T22:30:36Z" name="tearDownTest" finished-at="2022-06-08T22:30:36Z" duration-ms="134" status="PASS">
          <reporter-output>
          </reporter-output>
        </test-method> <!-- tearDownTest -->
      </class> <!-- com.CartTest -->
    </test> <!-- DemoBlazeTestSuite -->
  </suite> <!-- All Test Suite -->
</testng-results>
